'solc --version' running
'solc gpt3_5_p5_t1_2.sol --combined-json abi,ast,bin,bin-runtime,srcmap,srcmap-runtime,userdoc,devdoc,hashes --allow-paths .,/content' running
Compilation warnings/errors on gpt3_5_p5_t1_2.sol:
[91mError: Contract "IERC20" should be marked as abstract.[0m
 --> gpt3_5_p5_t1_2.sol:4:1:
  |
4 | contract IERC20 {
  | ^ (Relevant source part starts here and spans across multiple lines).
Note: Missing implementation: 
 --> gpt3_5_p5_t1_2.sol:8:5:
  |
8 |     function allowance(address owner, address spender) external view returns (uint256);
  |     ^^^^^^^^^^^^^^^^^^^^^^^^^^^^^^^^^^^^^^^^^^^^^^^^^^^^^^^^^^^^^^^^^^^^^^^^^^^^^^^^^^^
Note: Missing implementation: 
 --> gpt3_5_p5_t1_2.sol:9:5:
  |
9 |     function approve(address spender, uint256 amount) external returns (bool);
  |     ^^^^^^^^^^^^^^^^^^^^^^^^^^^^^^^^^^^^^^^^^^^^^^^^^^^^^^^^^^^^^^^^^^^^^^^^^^
Note: Missing implementation: 
 --> gpt3_5_p5_t1_2.sol:6:5:
  |
6 |     function balanceOf(address account) external view returns (uint256);
  |     ^^^^^^^^^^^^^^^^^^^^^^^^^^^^^^^^^^^^^^^^^^^^^^^^^^^^^^^^^^^^^^^^^^^^
Note: Missing implementation: 
 --> gpt3_5_p5_t1_2.sol:5:5:
  |
5 |     function totalSupply() external view returns (uint256);
  |     ^^^^^^^^^^^^^^^^^^^^^^^^^^^^^^^^^^^^^^^^^^^^^^^^^^^^^^^
Note: Missing implementation: 
 --> gpt3_5_p5_t1_2.sol:7:5:
  |
7 |     function transfer(address recipient, uint256 amount) external returns (bool);
  |     ^^^^^^^^^^^^^^^^^^^^^^^^^^^^^^^^^^^^^^^^^^^^^^^^^^^^^^^^^^^^^^^^^^^^^^^^^^^^^
Note: Missing implementation: 
  --> gpt3_5_p5_t1_2.sol:10:5:
   |
10 |     function transferFrom(address sender, address recipient, uint256 amount) external returns (bool);
   |     ^^^^^^^^^^^^^^^^^^^^^^^^^^^^^^^^^^^^^^^^^^^^^^^^^^^^^^^^^^^^^^^^^^^^^^^^^^^^^^^^^^^^^^^^^^^^^^^^^

[91mError: Trying to override non-virtual function. Did you forget to add "virtual"?[0m
 --> gpt3_5_p5_t1_2.sol:5:5:
  |
5 |     function totalSupply() external view returns (uint256);
  |     ^^^^^^^^^^^^^^^^^^^^^^^^^^^^^^^^^^^^^^^^^^^^^^^^^^^^^^^
Note: Overriding function is here:
  --> gpt3_5_p5_t1_2.sol:33:5:
   |
33 |     function totalSupply() external view override returns (uint256) {
   |     ^ (Relevant source part starts here and spans across multiple lines).

[91mError: Trying to override non-virtual function. Did you forget to add "virtual"?[0m
 --> gpt3_5_p5_t1_2.sol:6:5:
  |
6 |     function balanceOf(address account) external view returns (uint256);
  |     ^^^^^^^^^^^^^^^^^^^^^^^^^^^^^^^^^^^^^^^^^^^^^^^^^^^^^^^^^^^^^^^^^^^^
Note: Overriding function is here:
  --> gpt3_5_p5_t1_2.sol:37:5:
   |
37 |     function balanceOf(address account) external view override returns (uint256) {
   |     ^ (Relevant source part starts here and spans across multiple lines).

[91mError: Trying to override non-virtual function. Did you forget to add "virtual"?[0m
 --> gpt3_5_p5_t1_2.sol:7:5:
  |
7 |     function transfer(address recipient, uint256 amount) external returns (bool);
  |     ^^^^^^^^^^^^^^^^^^^^^^^^^^^^^^^^^^^^^^^^^^^^^^^^^^^^^^^^^^^^^^^^^^^^^^^^^^^^^
Note: Overriding function is here:
  --> gpt3_5_p5_t1_2.sol:41:5:
   |
41 |     function transfer(address recipient, uint256 amount) external override returns (bool) {
   |     ^ (Relevant source part starts here and spans across multiple lines).

[91mError: Trying to override non-virtual function. Did you forget to add "virtual"?[0m
 --> gpt3_5_p5_t1_2.sol:8:5:
  |
8 |     function allowance(address owner, address spender) external view returns (uint256);
  |     ^^^^^^^^^^^^^^^^^^^^^^^^^^^^^^^^^^^^^^^^^^^^^^^^^^^^^^^^^^^^^^^^^^^^^^^^^^^^^^^^^^^
Note: Overriding function is here:
  --> gpt3_5_p5_t1_2.sol:46:5:
   |
46 |     function allowance(address owner, address spender) external view override returns (uint256) {
   |     ^ (Relevant source part starts here and spans across multiple lines).

[91mError: Trying to override non-virtual function. Did you forget to add "virtual"?[0m
 --> gpt3_5_p5_t1_2.sol:9:5:
  |
9 |     function approve(address spender, uint256 amount) external returns (bool);
  |     ^^^^^^^^^^^^^^^^^^^^^^^^^^^^^^^^^^^^^^^^^^^^^^^^^^^^^^^^^^^^^^^^^^^^^^^^^^
Note: Overriding function is here:
  --> gpt3_5_p5_t1_2.sol:50:5:
   |
50 |     function approve(address spender, uint256 amount) external override returns (bool) {
   |     ^ (Relevant source part starts here and spans across multiple lines).

[91mError: Trying to override non-virtual function. Did you forget to add "virtual"?[0m
  --> gpt3_5_p5_t1_2.sol:10:5:
   |
10 |     function transferFrom(address sender, address recipient, uint256 amount) external returns (bool);
   |     ^^^^^^^^^^^^^^^^^^^^^^^^^^^^^^^^^^^^^^^^^^^^^^^^^^^^^^^^^^^^^^^^^^^^^^^^^^^^^^^^^^^^^^^^^^^^^^^^^
Note: Overriding function is here:
  --> gpt3_5_p5_t1_2.sol:55:5:
   |
55 |     function transferFrom(address sender, address recipient, uint256 amount) external override returns (bool) {
   |     ^ (Relevant source part starts here and spans across multiple lines).

[91mError: Functions without implementation must be marked virtual.[0m
 --> gpt3_5_p5_t1_2.sol:5:5:
  |
5 |     function totalSupply() external view returns (uint256);
  |     ^^^^^^^^^^^^^^^^^^^^^^^^^^^^^^^^^^^^^^^^^^^^^^^^^^^^^^^

[91mError: Functions without implementation must be marked virtual.[0m
 --> gpt3_5_p5_t1_2.sol:6:5:
  |
6 |     function balanceOf(address account) external view returns (uint256);
  |     ^^^^^^^^^^^^^^^^^^^^^^^^^^^^^^^^^^^^^^^^^^^^^^^^^^^^^^^^^^^^^^^^^^^^

[91mError: Functions without implementation must be marked virtual.[0m
 --> gpt3_5_p5_t1_2.sol:7:5:
  |
7 |     function transfer(address recipient, uint256 amount) external returns (bool);
  |     ^^^^^^^^^^^^^^^^^^^^^^^^^^^^^^^^^^^^^^^^^^^^^^^^^^^^^^^^^^^^^^^^^^^^^^^^^^^^^

[91mError: Functions without implementation must be marked virtual.[0m
 --> gpt3_5_p5_t1_2.sol:8:5:
  |
8 |     function allowance(address owner, address spender) external view returns (uint256);
  |     ^^^^^^^^^^^^^^^^^^^^^^^^^^^^^^^^^^^^^^^^^^^^^^^^^^^^^^^^^^^^^^^^^^^^^^^^^^^^^^^^^^^

[91mError: Functions without implementation must be marked virtual.[0m
 --> gpt3_5_p5_t1_2.sol:9:5:
  |
9 |     function approve(address spender, uint256 amount) external returns (bool);
  |     ^^^^^^^^^^^^^^^^^^^^^^^^^^^^^^^^^^^^^^^^^^^^^^^^^^^^^^^^^^^^^^^^^^^^^^^^^^

[91mError: Functions without implementation must be marked virtual.[0m
  --> gpt3_5_p5_t1_2.sol:10:5:
   |
10 |     function transferFrom(address sender, address recipient, uint256 amount) external returns (bool);
   |     ^^^^^^^^^^^^^^^^^^^^^^^^^^^^^^^^^^^^^^^^^^^^^^^^^^^^^^^^^^^^^^^^^^^^^^^^^^^^^^^^^^^^^^^^^^^^^^^^^


Traceback (most recent call last):
  File "/usr/local/lib/python3.10/dist-packages/crytic_compile/platform/solc.py", line 582, in _run_solc
    ret: Dict = json.loads(stdout)
  File "/usr/lib/python3.10/json/__init__.py", line 346, in loads
    return _default_decoder.decode(s)
  File "/usr/lib/python3.10/json/decoder.py", line 337, in decode
    obj, end = self.raw_decode(s, idx=_w(s, 0).end())
  File "/usr/lib/python3.10/json/decoder.py", line 355, in raw_decode
    raise JSONDecodeError("Expecting value", s, err.value) from None
json.decoder.JSONDecodeError: Expecting value: line 1 column 1 (char 0)

During handling of the above exception, another exception occurred:

Traceback (most recent call last):
  File "/usr/local/bin/slither", line 8, in <module>
    sys.exit(main())
  File "/usr/local/lib/python3.10/dist-packages/slither/__main__.py", line 753, in main
    main_impl(all_detector_classes=detectors, all_printer_classes=printers)
  File "/usr/local/lib/python3.10/dist-packages/slither/__main__.py", line 859, in main_impl
    ) = process_all(filename, args, detector_classes, printer_classes)
  File "/usr/local/lib/python3.10/dist-packages/slither/__main__.py", line 96, in process_all
    compilations = compile_all(target, **vars(args))
  File "/usr/local/lib/python3.10/dist-packages/crytic_compile/crytic_compile.py", line 722, in compile_all
    compilations.append(CryticCompile(target, **kwargs))
  File "/usr/local/lib/python3.10/dist-packages/crytic_compile/crytic_compile.py", line 211, in __init__
    self._compile(**kwargs)
  File "/usr/local/lib/python3.10/dist-packages/crytic_compile/crytic_compile.py", line 633, in _compile
    self._platform.compile(self, **kwargs)
  File "/usr/local/lib/python3.10/dist-packages/crytic_compile/platform/solc.py", line 151, in compile
    targets_json = _get_targets_json(compilation_unit, self._target, **kwargs)
  File "/usr/local/lib/python3.10/dist-packages/crytic_compile/platform/solc.py", line 280, in _get_targets_json
    return _run_solc(
  File "/usr/local/lib/python3.10/dist-packages/crytic_compile/platform/solc.py", line 586, in _run_solc
    raise InvalidCompilation(f"Invalid solc compilation {stderr}")
crytic_compile.platform.exceptions.InvalidCompilation: Invalid solc compilation Error: Contract "IERC20" should be marked as abstract.
 --> gpt3_5_p5_t1_2.sol:4:1:
  |
4 | contract IERC20 {
  | ^ (Relevant source part starts here and spans across multiple lines).
Note: Missing implementation: 
 --> gpt3_5_p5_t1_2.sol:8:5:
  |
8 |     function allowance(address owner, address spender) external view returns (uint256);
  |     ^^^^^^^^^^^^^^^^^^^^^^^^^^^^^^^^^^^^^^^^^^^^^^^^^^^^^^^^^^^^^^^^^^^^^^^^^^^^^^^^^^^
Note: Missing implementation: 
 --> gpt3_5_p5_t1_2.sol:9:5:
  |
9 |     function approve(address spender, uint256 amount) external returns (bool);
  |     ^^^^^^^^^^^^^^^^^^^^^^^^^^^^^^^^^^^^^^^^^^^^^^^^^^^^^^^^^^^^^^^^^^^^^^^^^^
Note: Missing implementation: 
 --> gpt3_5_p5_t1_2.sol:6:5:
  |
6 |     function balanceOf(address account) external view returns (uint256);
  |     ^^^^^^^^^^^^^^^^^^^^^^^^^^^^^^^^^^^^^^^^^^^^^^^^^^^^^^^^^^^^^^^^^^^^
Note: Missing implementation: 
 --> gpt3_5_p5_t1_2.sol:5:5:
  |
5 |     function totalSupply() external view returns (uint256);
  |     ^^^^^^^^^^^^^^^^^^^^^^^^^^^^^^^^^^^^^^^^^^^^^^^^^^^^^^^
Note: Missing implementation: 
 --> gpt3_5_p5_t1_2.sol:7:5:
  |
7 |     function transfer(address recipient, uint256 amount) external returns (bool);
  |     ^^^^^^^^^^^^^^^^^^^^^^^^^^^^^^^^^^^^^^^^^^^^^^^^^^^^^^^^^^^^^^^^^^^^^^^^^^^^^
Note: Missing implementation: 
  --> gpt3_5_p5_t1_2.sol:10:5:
   |
10 |     function transferFrom(address sender, address recipient, uint256 amount) external returns (bool);
   |     ^^^^^^^^^^^^^^^^^^^^^^^^^^^^^^^^^^^^^^^^^^^^^^^^^^^^^^^^^^^^^^^^^^^^^^^^^^^^^^^^^^^^^^^^^^^^^^^^^

Error: Trying to override non-virtual function. Did you forget to add "virtual"?
 --> gpt3_5_p5_t1_2.sol:5:5:
  |
5 |     function totalSupply() external view returns (uint256);
  |     ^^^^^^^^^^^^^^^^^^^^^^^^^^^^^^^^^^^^^^^^^^^^^^^^^^^^^^^
Note: Overriding function is here:
  --> gpt3_5_p5_t1_2.sol:33:5:
   |
33 |     function totalSupply() external view override returns (uint256) {
   |     ^ (Relevant source part starts here and spans across multiple lines).

Error: Trying to override non-virtual function. Did you forget to add "virtual"?
 --> gpt3_5_p5_t1_2.sol:6:5:
  |
6 |     function balanceOf(address account) external view returns (uint256);
  |     ^^^^^^^^^^^^^^^^^^^^^^^^^^^^^^^^^^^^^^^^^^^^^^^^^^^^^^^^^^^^^^^^^^^^
Note: Overriding function is here:
  --> gpt3_5_p5_t1_2.sol:37:5:
   |
37 |     function balanceOf(address account) external view override returns (uint256) {
   |     ^ (Relevant source part starts here and spans across multiple lines).

Error: Trying to override non-virtual function. Did you forget to add "virtual"?
 --> gpt3_5_p5_t1_2.sol:7:5:
  |
7 |     function transfer(address recipient, uint256 amount) external returns (bool);
  |     ^^^^^^^^^^^^^^^^^^^^^^^^^^^^^^^^^^^^^^^^^^^^^^^^^^^^^^^^^^^^^^^^^^^^^^^^^^^^^
Note: Overriding function is here:
  --> gpt3_5_p5_t1_2.sol:41:5:
   |
41 |     function transfer(address recipient, uint256 amount) external override returns (bool) {
   |     ^ (Relevant source part starts here and spans across multiple lines).

Error: Trying to override non-virtual function. Did you forget to add "virtual"?
 --> gpt3_5_p5_t1_2.sol:8:5:
  |
8 |     function allowance(address owner, address spender) external view returns (uint256);
  |     ^^^^^^^^^^^^^^^^^^^^^^^^^^^^^^^^^^^^^^^^^^^^^^^^^^^^^^^^^^^^^^^^^^^^^^^^^^^^^^^^^^^
Note: Overriding function is here:
  --> gpt3_5_p5_t1_2.sol:46:5:
   |
46 |     function allowance(address owner, address spender) external view override returns (uint256) {
   |     ^ (Relevant source part starts here and spans across multiple lines).

Error: Trying to override non-virtual function. Did you forget to add "virtual"?
 --> gpt3_5_p5_t1_2.sol:9:5:
  |
9 |     function approve(address spender, uint256 amount) external returns (bool);
  |     ^^^^^^^^^^^^^^^^^^^^^^^^^^^^^^^^^^^^^^^^^^^^^^^^^^^^^^^^^^^^^^^^^^^^^^^^^^
Note: Overriding function is here:
  --> gpt3_5_p5_t1_2.sol:50:5:
   |
50 |     function approve(address spender, uint256 amount) external override returns (bool) {
   |     ^ (Relevant source part starts here and spans across multiple lines).

Error: Trying to override non-virtual function. Did you forget to add "virtual"?
  --> gpt3_5_p5_t1_2.sol:10:5:
   |
10 |     function transferFrom(address sender, address recipient, uint256 amount) external returns (bool);
   |     ^^^^^^^^^^^^^^^^^^^^^^^^^^^^^^^^^^^^^^^^^^^^^^^^^^^^^^^^^^^^^^^^^^^^^^^^^^^^^^^^^^^^^^^^^^^^^^^^^
Note: Overriding function is here:
  --> gpt3_5_p5_t1_2.sol:55:5:
   |
55 |     function transferFrom(address sender, address recipient, uint256 amount) external override returns (bool) {
   |     ^ (Relevant source part starts here and spans across multiple lines).

Error: Functions without implementation must be marked virtual.
 --> gpt3_5_p5_t1_2.sol:5:5:
  |
5 |     function totalSupply() external view returns (uint256);
  |     ^^^^^^^^^^^^^^^^^^^^^^^^^^^^^^^^^^^^^^^^^^^^^^^^^^^^^^^

Error: Functions without implementation must be marked virtual.
 --> gpt3_5_p5_t1_2.sol:6:5:
  |
6 |     function balanceOf(address account) external view returns (uint256);
  |     ^^^^^^^^^^^^^^^^^^^^^^^^^^^^^^^^^^^^^^^^^^^^^^^^^^^^^^^^^^^^^^^^^^^^

Error: Functions without implementation must be marked virtual.
 --> gpt3_5_p5_t1_2.sol:7:5:
  |
7 |     function transfer(address recipient, uint256 amount) external returns (bool);
  |     ^^^^^^^^^^^^^^^^^^^^^^^^^^^^^^^^^^^^^^^^^^^^^^^^^^^^^^^^^^^^^^^^^^^^^^^^^^^^^

Error: Functions without implementation must be marked virtual.
 --> gpt3_5_p5_t1_2.sol:8:5:
  |
8 |     function allowance(address owner, address spender) external view returns (uint256);
  |     ^^^^^^^^^^^^^^^^^^^^^^^^^^^^^^^^^^^^^^^^^^^^^^^^^^^^^^^^^^^^^^^^^^^^^^^^^^^^^^^^^^^

Error: Functions without implementation must be marked virtual.
 --> gpt3_5_p5_t1_2.sol:9:5:
  |
9 |     function approve(address spender, uint256 amount) external returns (bool);
  |     ^^^^^^^^^^^^^^^^^^^^^^^^^^^^^^^^^^^^^^^^^^^^^^^^^^^^^^^^^^^^^^^^^^^^^^^^^^

Error: Functions without implementation must be marked virtual.
  --> gpt3_5_p5_t1_2.sol:10:5:
   |
10 |     function transferFrom(address sender, address recipient, uint256 amount) external returns (bool);
   |     ^^^^^^^^^^^^^^^^^^^^^^^^^^^^^^^^^^^^^^^^^^^^^^^^^^^^^^^^^^^^^^^^^^^^^^^^^^^^^^^^^^^^^^^^^^^^^^^^^


