'solc --version' running
'solc gpt3_5_p9_t5_2.sol --combined-json abi,ast,bin,bin-runtime,srcmap,srcmap-runtime,userdoc,devdoc,hashes --allow-paths .,/content' running
Compilation warnings/errors on gpt3_5_p9_t5_2.sol:
[91mError: Documentation tag "@return An uint256 representing the amount owned by the passed address." does not contain the name of its return parameter.[0m
  --> gpt3_5_p9_t5_2.sol:92:5:
   |
92 |     /**
   |     ^ (Relevant source part starts here and spans across multiple lines).

[91mError: Function has override specified but does not override anything.[0m
   --> gpt3_5_p9_t5_2.sol:157:77:
    |
157 |     function increaseApproval(address _spender, uint256 _addedValue) public override returns (bool) {
    |                                                                             ^^^^^^^^

[91mError: Function has override specified but does not override anything.[0m
   --> gpt3_5_p9_t5_2.sol:163:82:
    |
163 |     function decreaseApproval(address _spender, uint256 _subtractedValue) public override returns (bool) {
    |                                                                                  ^^^^^^^^

[91mError: Member "sub" not found or not visible after argument-dependent lookup in uint256.[0m
   --> gpt3_5_p9_t5_2.sol:125:27:
    |
125 |         balances[_from] = balances[_from].sub(_value);
    |                           ^^^^^^^^^^^^^^^^^^^


Traceback (most recent call last):
  File "/usr/local/lib/python3.10/dist-packages/crytic_compile/platform/solc.py", line 582, in _run_solc
    ret: Dict = json.loads(stdout)
  File "/usr/lib/python3.10/json/__init__.py", line 346, in loads
    return _default_decoder.decode(s)
  File "/usr/lib/python3.10/json/decoder.py", line 337, in decode
    obj, end = self.raw_decode(s, idx=_w(s, 0).end())
  File "/usr/lib/python3.10/json/decoder.py", line 355, in raw_decode
    raise JSONDecodeError("Expecting value", s, err.value) from None
json.decoder.JSONDecodeError: Expecting value: line 1 column 1 (char 0)

During handling of the above exception, another exception occurred:

Traceback (most recent call last):
  File "/usr/local/bin/slither", line 8, in <module>
    sys.exit(main())
  File "/usr/local/lib/python3.10/dist-packages/slither/__main__.py", line 753, in main
    main_impl(all_detector_classes=detectors, all_printer_classes=printers)
  File "/usr/local/lib/python3.10/dist-packages/slither/__main__.py", line 859, in main_impl
    ) = process_all(filename, args, detector_classes, printer_classes)
  File "/usr/local/lib/python3.10/dist-packages/slither/__main__.py", line 96, in process_all
    compilations = compile_all(target, **vars(args))
  File "/usr/local/lib/python3.10/dist-packages/crytic_compile/crytic_compile.py", line 722, in compile_all
    compilations.append(CryticCompile(target, **kwargs))
  File "/usr/local/lib/python3.10/dist-packages/crytic_compile/crytic_compile.py", line 211, in __init__
    self._compile(**kwargs)
  File "/usr/local/lib/python3.10/dist-packages/crytic_compile/crytic_compile.py", line 633, in _compile
    self._platform.compile(self, **kwargs)
  File "/usr/local/lib/python3.10/dist-packages/crytic_compile/platform/solc.py", line 151, in compile
    targets_json = _get_targets_json(compilation_unit, self._target, **kwargs)
  File "/usr/local/lib/python3.10/dist-packages/crytic_compile/platform/solc.py", line 280, in _get_targets_json
    return _run_solc(
  File "/usr/local/lib/python3.10/dist-packages/crytic_compile/platform/solc.py", line 586, in _run_solc
    raise InvalidCompilation(f"Invalid solc compilation {stderr}")
crytic_compile.platform.exceptions.InvalidCompilation: Invalid solc compilation Error: Documentation tag "@return An uint256 representing the amount owned by the passed address." does not contain the name of its return parameter.
  --> gpt3_5_p9_t5_2.sol:92:5:
   |
92 |     /**
   |     ^ (Relevant source part starts here and spans across multiple lines).

Error: Function has override specified but does not override anything.
   --> gpt3_5_p9_t5_2.sol:157:77:
    |
157 |     function increaseApproval(address _spender, uint256 _addedValue) public override returns (bool) {
    |                                                                             ^^^^^^^^

Error: Function has override specified but does not override anything.
   --> gpt3_5_p9_t5_2.sol:163:82:
    |
163 |     function decreaseApproval(address _spender, uint256 _subtractedValue) public override returns (bool) {
    |                                                                                  ^^^^^^^^

Error: Member "sub" not found or not visible after argument-dependent lookup in uint256.
   --> gpt3_5_p9_t5_2.sol:125:27:
    |
125 |         balances[_from] = balances[_from].sub(_value);
    |                           ^^^^^^^^^^^^^^^^^^^


